time="2024-11-25T16:43:59+08:00" level=info msg="main.main: go HTTP server start"
time="2024-11-25T16:53:59+08:00" level=info msg="main.main: go HTTP server start"
time="2024-11-25T17:10:30+08:00" level=info msg="main.main: go HTTP server start"
time="2024-11-26T15:10:32+08:00" level=info msg="main.main: go HTTP server start"
time="2024-11-26T15:10:34+08:00" level=error msg="app.BindAndValid errs: State必须是[0 1]中的一个"
time="2024-11-27T10:10:53+08:00" level=info msg="main.main: go HTTP server start"
time="2024-11-27T10:11:30+08:00" level=error msg="app.BindAndValid errs: Name长度必须至少为3个字符"
time="2024-11-27T10:11:35+08:00" level=error msg="app.BindAndValid errs: Name长度必须至少为3个字符"
time="2024-11-27T10:11:45+08:00" level=error msg="svc.CreateTag err: no such table: blog_tag"
time="2024-11-27T10:23:52+08:00" level=info msg="main.main: go HTTP server start"
time="2024-11-27T10:23:55+08:00" level=error msg="svc.CreateTag err: no such table: blog_tag"
time="2024-11-27T10:27:21+08:00" level=info msg="main.main: go HTTP server start"
time="2024-11-27T10:27:25+08:00" level=error msg="svc.CreateTag err: table blog_tag has no column named updated_at"
time="2024-11-27T10:32:53+08:00" level=info msg="main.main: go HTTP server start"
time="2024-11-27T10:33:03+08:00" level=error msg="svc.GetTagList err: sql: Scan error on column index 2, name \"created_at\": unsupported Scan, storing driver.Value type string into type *time.Time"
time="2024-11-27T10:40:37+08:00" level=info msg="main.main: go HTTP server start"
time="2024-11-27T10:40:48+08:00" level=error msg="svc.GetTagList err: sql: Scan error on column index 2, name \"created_at\": unsupported Scan, storing driver.Value type string into type *time.Time"
time="2024-11-27T10:43:21+08:00" level=info msg="main.main: go HTTP server start"
time="2024-11-27T10:47:01+08:00" level=error msg="app.BindAndValid errs: Name长度必须至少为3个字符"
time="2024-11-27T10:54:31+08:00" level=info msg="main.main: go HTTP server start"
time="2024-11-27T10:55:18+08:00" level=error msg="app.BindAndValid errs: Name长度必须至少为3个字符"
time="2024-11-27T10:57:36+08:00" level=info msg="main.main: go HTTP server start"
time="2024-11-27T11:04:59+08:00" level=info msg="main.main: go HTTP server start"
time="2024-11-27T11:05:11+08:00" level=error msg="svc.UpdateTag err: unsupported data type: map[modified_by:cqq state:0]: Table not set, please set it like: db.Model(&user) or db.Table(\"users\")"
time="2024-11-27T11:05:16+08:00" level=error msg="svc.UpdateTag err: unsupported data type: map[modified_by:cqq state:0]: Table not set, please set it like: db.Model(&user) or db.Table(\"users\")"
time="2024-11-27T11:06:44+08:00" level=info msg="main.main: go HTTP server start"
time="2024-11-27T11:15:50+08:00" level=info msg="main.main: go HTTP server start"
time="2024-11-27T11:16:20+08:00" level=info msg="main.main: go HTTP server start"
time="2024-11-27T13:18:50+08:00" level=info msg="main.main: go HTTP server start"
time="2024-11-27T13:20:57+08:00" level=info msg="main.main: go HTTP server start"
time="2024-11-27T13:46:39+08:00" level=info msg="main.main: go HTTP server start"
time="2024-11-27T13:47:28+08:00" level=info msg="main.main: go HTTP server start"
time="2024-11-27T13:47:56+08:00" level=info msg="main.main: go HTTP server start"
time="2024-11-27T13:48:10+08:00" level=info msg="main.main: go HTTP server start"
